TN:
SF:/Users/Justin/Documents/appy-frontend/src/components/404.vue
FNF:0
FNH:0
LF:0
LH:0
BRF:0
BRH:0
end_of_record
TN:
SF:/Users/Justin/Documents/appy-frontend/src/api/index.js
FNF:0
FNH:0
DA:6,0
DA:7,0
DA:8,0
DA:11,0
DA:12,0
DA:13,0
DA:16,0
DA:18,0
DA:19,0
LF:9
LH:0
BRDA:5,0,0,0
BRDA:6,1,0,0
BRDA:6,1,1,0
BRDA:11,2,0,0
BRDA:11,2,1,0
BRF:5
BRH:0
end_of_record
TN:
SF:/Users/Justin/Documents/appy-frontend/src/config/index.js
FNF:0
FNH:0
LF:0
LH:0
BRF:0
BRH:0
end_of_record
TN:
SF:/Users/Justin/Documents/appy-frontend/src/components/App.vue
FNF:0
FNH:0
DA:11,0
DA:17,0
DA:18,0
DA:21,0
DA:23,0
LF:5
LH:0
BRF:0
BRH:0
end_of_record
TN:
SF:/Users/Justin/Documents/appy-frontend/src/components/Dash.vue
FN:172,(anonymous_0)
FNF:1
FNH:0
FNDA:0,(anonymous_0)
DA:173,0
DA:188,0
DA:198,0
LF:3
LH:0
BRF:0
BRH:0
end_of_record
TN:
SF:/Users/Justin/Documents/appy-frontend/src/components/Sidebar.vue
FN:55,(anonymous_0)
FNF:1
FNH:0
FNDA:0,(anonymous_0)
DA:56,0
LF:1
LH:0
BRF:0
BRH:0
end_of_record
TN:
SF:/Users/Justin/Documents/appy-frontend/src/components/SidebarMenu.vue
FNF:0
FNH:0
LF:0
LH:0
BRF:0
BRH:0
end_of_record
TN:
SF:/Users/Justin/Documents/appy-frontend/src/components/Login.vue
FN:54,(anonymous_0)
FN:85,(anonymous_1)
FNF:2
FNH:0
FNDA:0,(anonymous_0)
FNDA:0,(anonymous_1)
DA:36,0
DA:46,0
DA:48,0
DA:49,0
DA:50,0
DA:53,0
DA:55,0
DA:57,0
DA:59,0
DA:60,0
DA:61,0
DA:62,0
DA:66,0
DA:69,0
DA:73,0
DA:74,0
DA:76,0
DA:77,0
DA:79,0
DA:80,0
DA:82,0
DA:86,0
DA:87,0
DA:89,0
DA:90,0
DA:94,0
DA:97,0
LF:27
LH:0
BRDA:59,0,0,0
BRDA:59,0,1,0
BRDA:61,1,0,0
BRDA:61,1,1,0
BRDA:62,2,0,0
BRDA:62,2,1,0
BRDA:73,3,0,0
BRDA:73,3,1,0
BRDA:82,4,0,0
BRDA:82,4,1,0
BRDA:94,5,0,0
BRDA:94,5,1,0
BRF:12
BRH:0
end_of_record
TN:
SF:/Users/Justin/Documents/appy-frontend/src/components/views/Access.vue
FN:61,(anonymous_0)
FN:62,(anonymous_1)
FN:63,(anonymous_2)
FNF:3
FNH:0
FNDA:0,(anonymous_0)
FNDA:0,(anonymous_1)
FNDA:0,(anonymous_2)
DA:50,1
DA:51,1
DA:56,0
DA:61,0
DA:62,0
DA:63,0
DA:64,0
LF:7
LH:2
BRF:0
BRH:0
end_of_record
TN:
SF:/Users/Justin/Documents/appy-frontend/src/demo.js
FNF:0
FNH:0
DA:3,1
DA:35,1
DA:46,1
LF:3
LH:3
BRF:0
BRH:0
end_of_record
TN:
SF:/Users/Justin/Documents/appy-frontend/src/components/views/Dashboard.vue
FN:202,(anonymous_0)
FNF:1
FNH:0
FNDA:0,(anonymous_0)
DA:180,0
DA:182,0
DA:183,0
DA:184,0
DA:186,0
DA:192,0
DA:195,0
DA:198,0
DA:202,0
DA:203,0
DA:204,0
DA:239,0
DA:241,0
DA:242,0
DA:262,0
LF:15
LH:0
BRDA:198,0,0,0
BRDA:198,0,1,0
BRF:2
BRH:0
end_of_record
TN:
SF:/Users/Justin/Documents/appy-frontend/src/components/views/Repos.vue
FN:65,(anonymous_0)
FN:75,(anonymous_1)
FNF:2
FNH:0
FNDA:0,(anonymous_0)
FNDA:0,(anonymous_1)
DA:56,0
DA:64,0
DA:66,0
DA:68,0
DA:69,0
DA:70,0
DA:73,0
DA:77,0
DA:78,0
DA:83,0
LF:10
LH:0
BRDA:68,0,0,0
BRDA:68,0,1,0
BRF:2
BRH:0
end_of_record
TN:
SF:/Users/Justin/Documents/appy-frontend/src/components/views/Server.vue
FNF:0
FNH:0
DA:28,0
LF:1
LH:0
BRF:0
BRH:0
end_of_record
TN:
SF:/Users/Justin/Documents/appy-frontend/src/components/views/Setting.vue
FNF:0
FNH:0
DA:102,1
DA:110,0
DA:115,0
LF:3
LH:1
BRF:0
BRH:0
end_of_record
TN:
SF:/Users/Justin/Documents/appy-frontend/src/components/views/Tables.vue
FN:207,(anonymous_0)
FNF:1
FNH:0
FNDA:0,(anonymous_0)
DA:207,0
DA:208,0
LF:2
LH:0
BRF:0
BRH:0
end_of_record
TN:
SF:/Users/Justin/Documents/appy-frontend/src/components/views/Tasks.vue
FNF:0
FNH:0
DA:37,0
DA:40,0
LF:2
LH:0
BRF:0
BRH:0
end_of_record
TN:
SF:/Users/Justin/Documents/appy-frontend/src/filters/index.js
FN:3,domain
FN:8,count
FN:12,prettyDate
FN:17,pluralize
FNF:4
FNH:0
FNDA:0,domain
FNDA:0,count
FNDA:0,prettyDate
FNDA:0,pluralize
DA:1,1
DA:4,0
DA:5,0
DA:9,0
DA:13,0
DA:14,0
DA:18,0
DA:19,0
DA:22,0
LF:9
LH:1
BRDA:18,0,0,0
BRDA:18,0,1,0
BRF:2
BRH:0
end_of_record
TN:
SF:/Users/Justin/Documents/appy-frontend/src/routes.js
FNF:0
FNH:0
DA:15,1
LF:1
LH:1
BRF:0
BRH:0
end_of_record
TN:
SF:/Users/Justin/Documents/appy-frontend/src/store/actions.js
FNF:0
FNH:0
LF:0
LH:0
BRF:0
BRH:0
end_of_record
TN:
SF:/Users/Justin/Documents/appy-frontend/src/store/index.js
FNF:0
FNH:0
DA:7,1
LF:1
LH:1
BRF:0
BRH:0
end_of_record
TN:
SF:/Users/Justin/Documents/appy-frontend/src/store/state.js
FNF:0
FNH:0
LF:0
LH:0
BRF:0
BRH:0
end_of_record
TN:
SF:/Users/Justin/Documents/appy-frontend/src/store/mutations.js
FNF:0
FNH:0
DA:3,0
DA:6,0
DA:9,0
DA:12,0
LF:4
LH:0
BRDA:6,0,0,0
BRDA:6,0,1,0
BRF:2
BRH:0
end_of_record
